<?xml version="1.0" encoding="UTF-8"?>
<testng-results skipped="0" failed="0" ignored="0" total="10" passed="10">
  <reporter-output>
  </reporter-output>
  <suite name="TestSuite" duration-ms="22198" started-at="2017-09-11T06:38:29Z" finished-at="2017-09-11T06:38:51Z">
    <groups>
    </groups>
    <test name="Chrome Test" duration-ms="18641" started-at="2017-09-11T06:38:29Z" finished-at="2017-09-11T06:38:47Z">
      <class name="UptakeTestFiles.NewTest">
        <test-method status="PASS" signature="beforeClass(java.lang.String, java.lang.String)[pri:0, instance:UptakeTestFiles.NewTest@4cf777e8]" name="beforeClass" is-config="true" duration-ms="11628" started-at="2017-09-11T01:38:29Z" finished-at="2017-09-11T01:38:40Z">
          <params>
            <param index="0">
              <value>
                <![CDATA[chrome]]>
              </value>
            </param>
            <param index="1">
              <value>
                <![CDATA[https://uptake.com/]]>
              </value>
            </param>
          </params>
          <reporter-output>
          </reporter-output>
        </test-method> <!-- beforeClass -->
        <test-method status="PASS" signature="beforeClass()[pri:0, instance:UptakeTestFiles.NewTest@4cf777e8]" name="beforeClass" is-config="true" duration-ms="0" started-at="2017-09-11T01:38:40Z" finished-at="2017-09-11T01:38:40Z">
          <reporter-output>
          </reporter-output>
        </test-method> <!-- beforeClass -->
        <test-method status="PASS" signature="UptakeHomePageTestCase(java.lang.String)[pri:0, instance:UptakeTestFiles.NewTest@4cf777e8]" name="UptakeHomePageTestCase" duration-ms="257" started-at="2017-09-11T01:38:40Z" data-provider="HomePageTest" finished-at="2017-09-11T01:38:41Z">
          <params>
            <param index="0">
              <value>
                <![CDATA[ActionableInsights]]>
              </value>
            </param>
          </params>
          <reporter-output>
          </reporter-output>
        </test-method> <!-- UptakeHomePageTestCase -->
        <test-method status="PASS" signature="UptakeHomePageTestCase(java.lang.String)[pri:0, instance:UptakeTestFiles.NewTest@4cf777e8]" name="UptakeHomePageTestCase" duration-ms="189" started-at="2017-09-11T01:38:41Z" data-provider="HomePageTest" finished-at="2017-09-11T01:38:41Z">
          <params>
            <param index="0">
              <value>
                <![CDATA[TransformingWorld]]>
              </value>
            </param>
          </params>
          <reporter-output>
          </reporter-output>
        </test-method> <!-- UptakeHomePageTestCase -->
        <test-method status="PASS" signature="UptakeHomePageTestCase(java.lang.String)[pri:0, instance:UptakeTestFiles.NewTest@4cf777e8]" name="UptakeHomePageTestCase" duration-ms="5216" started-at="2017-09-11T01:38:41Z" data-provider="HomePageTest" finished-at="2017-09-11T01:38:46Z">
          <params>
            <param index="0">
              <value>
                <![CDATA[TurningDatatoValue]]>
              </value>
            </param>
          </params>
          <reporter-output>
          </reporter-output>
        </test-method> <!-- UptakeHomePageTestCase -->
        <test-method status="PASS" signature="UptakeHomePageTestCase(java.lang.String)[pri:0, instance:UptakeTestFiles.NewTest@4cf777e8]" name="UptakeHomePageTestCase" duration-ms="87" started-at="2017-09-11T01:38:46Z" data-provider="HomePageTest" finished-at="2017-09-11T01:38:46Z">
          <params>
            <param index="0">
              <value>
                <![CDATA[OpenPositions]]>
              </value>
            </param>
          </params>
          <reporter-output>
          </reporter-output>
        </test-method> <!-- UptakeHomePageTestCase -->
        <test-method status="PASS" signature="f()[pri:0, instance:UptakeTestFiles.NewTest@4cf777e8]" name="f" duration-ms="1" started-at="2017-09-11T01:38:46Z" finished-at="2017-09-11T01:38:46Z">
          <reporter-output>
          </reporter-output>
        </test-method> <!-- f -->
        <test-method status="PASS" signature="afterClass()[pri:0, instance:UptakeTestFiles.NewTest@4cf777e8]" name="afterClass" is-config="true" duration-ms="1232" started-at="2017-09-11T01:38:46Z" finished-at="2017-09-11T01:38:47Z">
          <reporter-output>
          </reporter-output>
        </test-method> <!-- afterClass -->
      </class> <!-- UptakeTestFiles.NewTest -->
    </test> <!-- Chrome Test -->
    <test name="FireFox Test" duration-ms="22198" started-at="2017-09-11T06:38:29Z" finished-at="2017-09-11T06:38:51Z">
      <class name="UptakeTestFiles.NewTest">
        <test-method status="PASS" signature="beforeClass(java.lang.String, java.lang.String)[pri:0, instance:UptakeTestFiles.NewTest@1794d431]" name="beforeClass" is-config="true" duration-ms="19937" started-at="2017-09-11T01:38:29Z" finished-at="2017-09-11T01:38:49Z">
          <params>
            <param index="0">
              <value>
                <![CDATA[firefox]]>
              </value>
            </param>
            <param index="1">
              <value>
                <![CDATA[https://uptake.com/]]>
              </value>
            </param>
          </params>
          <reporter-output>
          </reporter-output>
        </test-method> <!-- beforeClass -->
        <test-method status="PASS" signature="beforeClass()[pri:0, instance:UptakeTestFiles.NewTest@1794d431]" name="beforeClass" is-config="true" duration-ms="1" started-at="2017-09-11T01:38:49Z" finished-at="2017-09-11T01:38:49Z">
          <reporter-output>
          </reporter-output>
        </test-method> <!-- beforeClass -->
        <test-method status="PASS" signature="UptakeHomePageTestCase(java.lang.String)[pri:0, instance:UptakeTestFiles.NewTest@1794d431]" name="UptakeHomePageTestCase" duration-ms="145" started-at="2017-09-11T01:38:49Z" data-provider="HomePageTest" finished-at="2017-09-11T01:38:49Z">
          <params>
            <param index="0">
              <value>
                <![CDATA[ActionableInsights]]>
              </value>
            </param>
          </params>
          <reporter-output>
          </reporter-output>
        </test-method> <!-- UptakeHomePageTestCase -->
        <test-method status="PASS" signature="UptakeHomePageTestCase(java.lang.String)[pri:0, instance:UptakeTestFiles.NewTest@1794d431]" name="UptakeHomePageTestCase" duration-ms="269" started-at="2017-09-11T01:38:49Z" data-provider="HomePageTest" finished-at="2017-09-11T01:38:49Z">
          <params>
            <param index="0">
              <value>
                <![CDATA[TransformingWorld]]>
              </value>
            </param>
          </params>
          <reporter-output>
          </reporter-output>
        </test-method> <!-- UptakeHomePageTestCase -->
        <test-method status="PASS" signature="UptakeHomePageTestCase(java.lang.String)[pri:0, instance:UptakeTestFiles.NewTest@1794d431]" name="UptakeHomePageTestCase" duration-ms="265" started-at="2017-09-11T01:38:49Z" data-provider="HomePageTest" finished-at="2017-09-11T01:38:49Z">
          <params>
            <param index="0">
              <value>
                <![CDATA[TurningDatatoValue]]>
              </value>
            </param>
          </params>
          <reporter-output>
          </reporter-output>
        </test-method> <!-- UptakeHomePageTestCase -->
        <test-method status="PASS" signature="UptakeHomePageTestCase(java.lang.String)[pri:0, instance:UptakeTestFiles.NewTest@1794d431]" name="UptakeHomePageTestCase" duration-ms="62" started-at="2017-09-11T01:38:49Z" data-provider="HomePageTest" finished-at="2017-09-11T01:38:49Z">
          <params>
            <param index="0">
              <value>
                <![CDATA[OpenPositions]]>
              </value>
            </param>
          </params>
          <reporter-output>
          </reporter-output>
        </test-method> <!-- UptakeHomePageTestCase -->
        <test-method status="PASS" signature="f()[pri:0, instance:UptakeTestFiles.NewTest@1794d431]" name="f" duration-ms="1" started-at="2017-09-11T01:38:49Z" finished-at="2017-09-11T01:38:49Z">
          <reporter-output>
          </reporter-output>
        </test-method> <!-- f -->
        <test-method status="PASS" signature="afterClass()[pri:0, instance:UptakeTestFiles.NewTest@1794d431]" name="afterClass" is-config="true" duration-ms="1502" started-at="2017-09-11T01:38:49Z" finished-at="2017-09-11T01:38:51Z">
          <reporter-output>
          </reporter-output>
        </test-method> <!-- afterClass -->
      </class> <!-- UptakeTestFiles.NewTest -->
    </test> <!-- FireFox Test -->
  </suite> <!-- TestSuite -->
</testng-results>
