<?xml version="1.0" encoding="UTF-8"?>
<testng-results skipped="0" failed="0" ignored="0" total="14" passed="14">
  <reporter-output>
  </reporter-output>
  <suite name="TestSuite" duration-ms="64458" started-at="2017-09-11T15:34:05Z" finished-at="2017-09-11T15:35:10Z">
    <groups>
    </groups>
    <test name="FireFox Test" duration-ms="32843" started-at="2017-09-11T15:34:05Z" finished-at="2017-09-11T15:34:38Z">
      <class name="UptakeTestFiles.UptakeHomePageTest">
        <test-method status="PASS" signature="beforeClass(java.lang.String, java.lang.String)[pri:0, instance:UptakeTestFiles.UptakeHomePageTest@39c0f4a]" name="beforeClass" is-config="true" duration-ms="12483" started-at="2017-09-11T10:34:05Z" finished-at="2017-09-11T10:34:18Z">
          <params>
            <param index="0">
              <value>
                <![CDATA[firefox]]>
              </value>
            </param>
            <param index="1">
              <value>
                <![CDATA[https://uptake.com/]]>
              </value>
            </param>
          </params>
          <reporter-output>
          </reporter-output>
        </test-method> <!-- beforeClass -->
        <test-method status="PASS" signature="beforeClass()[pri:0, instance:UptakeTestFiles.UptakeHomePageTest@39c0f4a]" name="beforeClass" is-config="true" duration-ms="1" started-at="2017-09-11T10:34:18Z" finished-at="2017-09-11T10:34:18Z">
          <reporter-output>
          </reporter-output>
        </test-method> <!-- beforeClass -->
        <test-method status="PASS" signature="f()[pri:0, instance:UptakeTestFiles.UptakeHomePageTest@39c0f4a]" name="f" duration-ms="6" started-at="2017-09-11T10:34:18Z" finished-at="2017-09-11T10:34:18Z">
          <reporter-output>
          </reporter-output>
        </test-method> <!-- f -->
        <test-method status="PASS" signature="HomePageTestCase(java.lang.String)[pri:0, instance:UptakeTestFiles.UptakeHomePageTest@39c0f4a]" name="HomePageTestCase" duration-ms="125" started-at="2017-09-11T10:34:18Z" data-provider="HomePageTest" finished-at="2017-09-11T10:34:18Z">
          <params>
            <param index="0">
              <value>
                <![CDATA[ActionableInsights]]>
              </value>
            </param>
          </params>
          <reporter-output>
          </reporter-output>
        </test-method> <!-- HomePageTestCase -->
        <test-method status="PASS" signature="HomePageTestCase(java.lang.String)[pri:0, instance:UptakeTestFiles.UptakeHomePageTest@39c0f4a]" name="HomePageTestCase" duration-ms="270" started-at="2017-09-11T10:34:18Z" data-provider="HomePageTest" finished-at="2017-09-11T10:34:18Z">
          <params>
            <param index="0">
              <value>
                <![CDATA[TransformingWorld]]>
              </value>
            </param>
          </params>
          <reporter-output>
          </reporter-output>
        </test-method> <!-- HomePageTestCase -->
        <test-method status="PASS" signature="HomePageTestCase(java.lang.String)[pri:0, instance:UptakeTestFiles.UptakeHomePageTest@39c0f4a]" name="HomePageTestCase" duration-ms="247" started-at="2017-09-11T10:34:18Z" data-provider="HomePageTest" finished-at="2017-09-11T10:34:19Z">
          <params>
            <param index="0">
              <value>
                <![CDATA[TurningDatatoValue]]>
              </value>
            </param>
          </params>
          <reporter-output>
          </reporter-output>
        </test-method> <!-- HomePageTestCase -->
        <test-method status="PASS" signature="HomePageTestCase(java.lang.String)[pri:0, instance:UptakeTestFiles.UptakeHomePageTest@39c0f4a]" name="HomePageTestCase" duration-ms="61" started-at="2017-09-11T10:34:19Z" data-provider="HomePageTest" finished-at="2017-09-11T10:34:19Z">
          <params>
            <param index="0">
              <value>
                <![CDATA[OpenPositions]]>
              </value>
            </param>
          </params>
          <reporter-output>
          </reporter-output>
        </test-method> <!-- HomePageTestCase -->
        <test-method status="PASS" signature="afterClass()[pri:0, instance:UptakeTestFiles.UptakeHomePageTest@39c0f4a]" name="afterClass" is-config="true" duration-ms="1596" started-at="2017-09-11T10:34:19Z" finished-at="2017-09-11T10:34:20Z">
          <reporter-output>
          </reporter-output>
        </test-method> <!-- afterClass -->
      </class> <!-- UptakeTestFiles.UptakeHomePageTest -->
      <class name="UptakeTestFiles.UptakeProductsPageTest">
        <test-method status="PASS" signature="beforeClass(java.lang.String, java.lang.String)[pri:0, instance:UptakeTestFiles.UptakeProductsPageTest@1794d431]" name="beforeClass" is-config="true" duration-ms="9421" started-at="2017-09-11T10:34:20Z" finished-at="2017-09-11T10:34:30Z">
          <params>
            <param index="0">
              <value>
                <![CDATA[firefox]]>
              </value>
            </param>
            <param index="1">
              <value>
                <![CDATA[https://uptake.com/]]>
              </value>
            </param>
          </params>
          <reporter-output>
          </reporter-output>
        </test-method> <!-- beforeClass -->
        <test-method status="PASS" signature="beforeClass()[pri:0, instance:UptakeTestFiles.UptakeProductsPageTest@1794d431]" name="beforeClass" is-config="true" duration-ms="1" started-at="2017-09-11T10:34:30Z" finished-at="2017-09-11T10:34:30Z">
          <reporter-output>
          </reporter-output>
        </test-method> <!-- beforeClass -->
        <test-method status="PASS" signature="f()[pri:0, instance:UptakeTestFiles.UptakeProductsPageTest@1794d431]" name="f" duration-ms="1" started-at="2017-09-11T10:34:30Z" finished-at="2017-09-11T10:34:30Z">
          <reporter-output>
          </reporter-output>
        </test-method> <!-- f -->
        <test-method status="PASS" signature="ProductsPageTestCase()[pri:0, instance:UptakeTestFiles.UptakeProductsPageTest@1794d431]" name="ProductsPageTestCase" duration-ms="7041" started-at="2017-09-11T10:34:30Z" finished-at="2017-09-11T10:34:37Z">
          <reporter-output>
          </reporter-output>
        </test-method> <!-- ProductsPageTestCase -->
        <test-method status="PASS" signature="afterClass()[pri:0, instance:UptakeTestFiles.UptakeProductsPageTest@1794d431]" name="afterClass" is-config="true" duration-ms="1549" started-at="2017-09-11T10:34:37Z" finished-at="2017-09-11T10:34:38Z">
          <reporter-output>
          </reporter-output>
        </test-method> <!-- afterClass -->
      </class> <!-- UptakeTestFiles.UptakeProductsPageTest -->
    </test> <!-- FireFox Test -->
    <test name="Chrome Test" duration-ms="31589" started-at="2017-09-11T15:34:38Z" finished-at="2017-09-11T15:35:10Z">
      <class name="UptakeTestFiles.UptakeHomePageTest">
        <test-method status="PASS" signature="beforeClass(java.lang.String, java.lang.String)[pri:0, instance:UptakeTestFiles.UptakeHomePageTest@59ec2012]" name="beforeClass" is-config="true" duration-ms="8157" started-at="2017-09-11T10:34:38Z" finished-at="2017-09-11T10:34:46Z">
          <params>
            <param index="0">
              <value>
                <![CDATA[chrome]]>
              </value>
            </param>
            <param index="1">
              <value>
                <![CDATA[https://uptake.com/]]>
              </value>
            </param>
          </params>
          <reporter-output>
          </reporter-output>
        </test-method> <!-- beforeClass -->
        <test-method status="PASS" signature="beforeClass()[pri:0, instance:UptakeTestFiles.UptakeHomePageTest@59ec2012]" name="beforeClass" is-config="true" duration-ms="1" started-at="2017-09-11T10:34:46Z" finished-at="2017-09-11T10:34:46Z">
          <reporter-output>
          </reporter-output>
        </test-method> <!-- beforeClass -->
        <test-method status="PASS" signature="f()[pri:0, instance:UptakeTestFiles.UptakeHomePageTest@59ec2012]" name="f" duration-ms="0" started-at="2017-09-11T10:34:46Z" finished-at="2017-09-11T10:34:46Z">
          <reporter-output>
          </reporter-output>
        </test-method> <!-- f -->
        <test-method status="PASS" signature="HomePageTestCase(java.lang.String)[pri:0, instance:UptakeTestFiles.UptakeHomePageTest@59ec2012]" name="HomePageTestCase" duration-ms="223" started-at="2017-09-11T10:34:46Z" data-provider="HomePageTest" finished-at="2017-09-11T10:34:47Z">
          <params>
            <param index="0">
              <value>
                <![CDATA[ActionableInsights]]>
              </value>
            </param>
          </params>
          <reporter-output>
          </reporter-output>
        </test-method> <!-- HomePageTestCase -->
        <test-method status="PASS" signature="HomePageTestCase(java.lang.String)[pri:0, instance:UptakeTestFiles.UptakeHomePageTest@59ec2012]" name="HomePageTestCase" duration-ms="172" started-at="2017-09-11T10:34:47Z" data-provider="HomePageTest" finished-at="2017-09-11T10:34:47Z">
          <params>
            <param index="0">
              <value>
                <![CDATA[TransformingWorld]]>
              </value>
            </param>
          </params>
          <reporter-output>
          </reporter-output>
        </test-method> <!-- HomePageTestCase -->
        <test-method status="PASS" signature="HomePageTestCase(java.lang.String)[pri:0, instance:UptakeTestFiles.UptakeHomePageTest@59ec2012]" name="HomePageTestCase" duration-ms="5192" started-at="2017-09-11T10:34:47Z" data-provider="HomePageTest" finished-at="2017-09-11T10:34:52Z">
          <params>
            <param index="0">
              <value>
                <![CDATA[TurningDatatoValue]]>
              </value>
            </param>
          </params>
          <reporter-output>
          </reporter-output>
        </test-method> <!-- HomePageTestCase -->
        <test-method status="PASS" signature="HomePageTestCase(java.lang.String)[pri:0, instance:UptakeTestFiles.UptakeHomePageTest@59ec2012]" name="HomePageTestCase" duration-ms="63" started-at="2017-09-11T10:34:52Z" data-provider="HomePageTest" finished-at="2017-09-11T10:34:52Z">
          <params>
            <param index="0">
              <value>
                <![CDATA[OpenPositions]]>
              </value>
            </param>
          </params>
          <reporter-output>
          </reporter-output>
        </test-method> <!-- HomePageTestCase -->
        <test-method status="PASS" signature="afterClass()[pri:0, instance:UptakeTestFiles.UptakeHomePageTest@59ec2012]" name="afterClass" is-config="true" duration-ms="861" started-at="2017-09-11T10:34:52Z" finished-at="2017-09-11T10:34:53Z">
          <reporter-output>
          </reporter-output>
        </test-method> <!-- afterClass -->
      </class> <!-- UptakeTestFiles.UptakeHomePageTest -->
      <class name="UptakeTestFiles.UptakeProductsPageTest">
        <test-method status="PASS" signature="beforeClass(java.lang.String, java.lang.String)[pri:0, instance:UptakeTestFiles.UptakeProductsPageTest@4cf777e8]" name="beforeClass" is-config="true" duration-ms="7606" started-at="2017-09-11T10:34:53Z" finished-at="2017-09-11T10:35:01Z">
          <params>
            <param index="0">
              <value>
                <![CDATA[chrome]]>
              </value>
            </param>
            <param index="1">
              <value>
                <![CDATA[https://uptake.com/]]>
              </value>
            </param>
          </params>
          <reporter-output>
          </reporter-output>
        </test-method> <!-- beforeClass -->
        <test-method status="PASS" signature="beforeClass()[pri:0, instance:UptakeTestFiles.UptakeProductsPageTest@4cf777e8]" name="beforeClass" is-config="true" duration-ms="0" started-at="2017-09-11T10:35:01Z" finished-at="2017-09-11T10:35:01Z">
          <reporter-output>
          </reporter-output>
        </test-method> <!-- beforeClass -->
        <test-method status="PASS" signature="f()[pri:0, instance:UptakeTestFiles.UptakeProductsPageTest@4cf777e8]" name="f" duration-ms="1" started-at="2017-09-11T10:35:01Z" finished-at="2017-09-11T10:35:01Z">
          <reporter-output>
          </reporter-output>
        </test-method> <!-- f -->
        <test-method status="PASS" signature="ProductsPageTestCase()[pri:0, instance:UptakeTestFiles.UptakeProductsPageTest@4cf777e8]" name="ProductsPageTestCase" duration-ms="8490" started-at="2017-09-11T10:35:01Z" finished-at="2017-09-11T10:35:09Z">
          <reporter-output>
          </reporter-output>
        </test-method> <!-- ProductsPageTestCase -->
        <test-method status="PASS" signature="afterClass()[pri:0, instance:UptakeTestFiles.UptakeProductsPageTest@4cf777e8]" name="afterClass" is-config="true" duration-ms="813" started-at="2017-09-11T10:35:09Z" finished-at="2017-09-11T10:35:10Z">
          <reporter-output>
          </reporter-output>
        </test-method> <!-- afterClass -->
      </class> <!-- UptakeTestFiles.UptakeProductsPageTest -->
    </test> <!-- Chrome Test -->
  </suite> <!-- TestSuite -->
</testng-results>
