<?xml version="1.0" encoding="UTF-8"?>
<!-- Generated by org.testng.reporters.JUnitXMLReporter -->
<testsuite hostname="Chethan" ignored="1" name="TestingGrouping" tests="4" failures="0" timestamp="06 Jul 2017 21:18:54 GMT" time="0.047" errors="0">
  <testcase name="apache" time="0.013" classname="com.yourLogo.shopDresses.TestNGGroupingDemoTest"/>
  <testcase name="dazzler" time="0.001" classname="com.yourLogo.shopDresses.TestNGGroupingDemoTest"/>
  <testcase name="duke200" time="0.0" classname="com.yourLogo.shopDresses.TestNGGroupingDemoTest"/>
  <testcase name="duke250" time="0.001" classname="com.yourLogo.shopDresses.TestNGGroupingDemoTest"/>
  <testcase name="pulsar200" time="0.0" classname="com.yourLogo.shopDresses.TestNGGroupingDemoTest">
    <ignored/>
  </testcase> <!-- pulsar200 -->
</testsuite> <!-- TestingGrouping -->
