<?xml version="1.0" encoding="UTF-8"?>
<!-- Generated by org.testng.reporters.JUnitXMLReporter -->
<testsuite hostname="Chethan" ignored="0" name="Chrome Test" tests="7" failures="0" timestamp="11 Sep 2017 15:35:10 GMT" time="31.589" errors="0">
  <testcase name="f" time="0.0" classname="Utilities.TestSuiteBase"/>
  <testcase name="HomePageTestCase" time="0.223" classname="UptakeTestFiles.UptakeHomePageTest"/>
  <testcase name="HomePageTestCase" time="0.172" classname="UptakeTestFiles.UptakeHomePageTest"/>
  <testcase name="HomePageTestCase" time="5.192" classname="UptakeTestFiles.UptakeHomePageTest"/>
  <testcase name="HomePageTestCase" time="0.063" classname="UptakeTestFiles.UptakeHomePageTest"/>
  <testcase name="f" time="0.001" classname="Utilities.TestSuiteBase"/>
  <testcase name="ProductsPageTestCase" time="8.49" classname="UptakeTestFiles.UptakeProductsPageTest"/>
</testsuite> <!-- Chrome Test -->
