<?xml version="1.0" encoding="UTF-8"?>
<!-- Generated by org.testng.reporters.JUnitXMLReporter -->
<testsuite hostname="Chethan" ignored="0" name="Chrome Test" tests="5" failures="0" timestamp="11 Sep 2017 06:38:47 GMT" time="18.641" errors="0">
  <testcase name="UptakeHomePageTestCase" time="0.257" classname="UptakeTestFiles.NewTest"/>
  <testcase name="UptakeHomePageTestCase" time="0.189" classname="UptakeTestFiles.NewTest"/>
  <testcase name="UptakeHomePageTestCase" time="5.216" classname="UptakeTestFiles.NewTest"/>
  <testcase name="UptakeHomePageTestCase" time="0.087" classname="UptakeTestFiles.NewTest"/>
  <testcase name="f" time="0.001" classname="Utilities.TestSuiteBase"/>
</testsuite> <!-- Chrome Test -->
