<?xml version="1.0" encoding="UTF-8"?>
<!-- Generated by org.testng.reporters.JUnitXMLReporter -->
<testsuite hostname="Chethan" ignored="0" name="FireFox Test" tests="5" failures="0" timestamp="11 Sep 2017 06:44:18 GMT" time="19.27" errors="0">
  <testcase name="UptakeHomePageTestCase" time="0.293" classname="UptakeTestFiles.HomePageTest"/>
  <testcase name="UptakeHomePageTestCase" time="0.324" classname="UptakeTestFiles.HomePageTest"/>
  <testcase name="UptakeHomePageTestCase" time="0.335" classname="UptakeTestFiles.HomePageTest"/>
  <testcase name="UptakeHomePageTestCase" time="0.211" classname="UptakeTestFiles.HomePageTest"/>
  <testcase name="f" time="0.001" classname="Utilities.TestSuiteBase"/>
</testsuite> <!-- FireFox Test -->
