<?xml version="1.0" encoding="UTF-8"?>
<!-- Generated by org.testng.reporters.JUnitXMLReporter -->
<testsuite hostname="Chethan" ignored="0" name="FireFox Test" tests="7" failures="0" timestamp="11 Sep 2017 15:34:38 GMT" time="32.843" errors="0">
  <testcase name="f" time="0.006" classname="Utilities.TestSuiteBase"/>
  <testcase name="HomePageTestCase" time="0.125" classname="UptakeTestFiles.UptakeHomePageTest"/>
  <testcase name="HomePageTestCase" time="0.27" classname="UptakeTestFiles.UptakeHomePageTest"/>
  <testcase name="HomePageTestCase" time="0.247" classname="UptakeTestFiles.UptakeHomePageTest"/>
  <testcase name="HomePageTestCase" time="0.061" classname="UptakeTestFiles.UptakeHomePageTest"/>
  <testcase name="f" time="0.001" classname="Utilities.TestSuiteBase"/>
  <testcase name="ProductsPageTestCase" time="7.041" classname="UptakeTestFiles.UptakeProductsPageTest"/>
</testsuite> <!-- FireFox Test -->
