<?xml version="1.0" encoding="UTF-8"?>
<!-- Generated by org.testng.reporters.JUnitXMLReporter -->
<testsuite hostname="Chethan" ignored="0" name="Command line test" tests="6" failures="0" timestamp="20 Jun 2017 17:04:58 GMT" time="22.372" errors="0">
  <testcase name="apache" time="0.002" classname="com.yourLogo.shopDresses.TestNGGroupingDemoTest"/>
  <testcase name="dazzler" time="0.001" classname="com.yourLogo.shopDresses.TestNGGroupingDemoTest"/>
  <testcase name="duke200" time="0.0" classname="com.yourLogo.shopDresses.TestNGGroupingDemoTest"/>
  <testcase name="duke250" time="0.001" classname="com.yourLogo.shopDresses.TestNGGroupingDemoTest"/>
  <testcase name="pulsar200" time="0.0" classname="com.yourLogo.shopDresses.TestNGGroupingDemoTest"/>
  <testcase name="testMethod" time="15.603" classname="com.yourLogo.shopDresses.YourLogoTestNGDemoTest"/>
</testsuite> <!-- Command line test -->
